QA output created by 038
> curl -X PUT http://SWIFT_HOST/v1/TENANT/hoge+versions... 201
> s3curl --id test1 -- -X GET -D - http://SWIFT_HOST/... 200
HTTP/1.1 200 OK
Content-Length: LENGTH
Content-Type: application/xml
Date: DATE
x-amz-id-2: TXID
x-amz-request-id: TXID
X-Trans-Id: TXID

<?xml version="1.0" encoding="UTF-8"?>
<ListAllMyBucketsResult xmlns="http://s3.amazonaws.com/doc/2006-03-01/">
  <Owner>
    <ID>TEST1_USER</ID>
    <DisplayName>TEST1_USER</DisplayName>
  </Owner>
  <Buckets/>
</ListAllMyBucketsResult>
> curl -X GET http://SWIFT_HOST/v1/TENANT/... 200
hoge+versions
