QA output created by 041
> s3curl --id test1 -- -X PUT http://SWIFT_HOST/a+b... 400
<?xml version="1.0" encoding="UTF-8"?>
<Error>
  <Code>InvalidBucketName</Code>
  <Message>The specified bucket is not valid.</Message>
  <RequestId>TXID</RequestId>
  <BucketName>a+b</BucketName>
</Error>
> s3curl --id test1 -- -X GET -D - http://SWIFT_HOST/a+b... 404
HTTP/1.1 404 Not Found
Content-Type: text/xml
Date: DATE
Transfer-Encoding: chunked
x-amz-id-2: TXID
x-amz-request-id: TXID
X-Trans-Id: TXID

<?xml version="1.0" encoding="UTF-8"?>
<Error>
  <Code>NoSuchBucket</Code>
  <Message>The specified bucket does not exist.</Message>
  <RequestId>TXID</RequestId>
  <BucketName>a+b</BucketName>
</Error>
> s3curl --id test1 -- -X PUT http://SWIFT_HOST/a*b... 400
<?xml version="1.0" encoding="UTF-8"?>
<Error>
  <Code>InvalidBucketName</Code>
  <Message>The specified bucket is not valid.</Message>
  <RequestId>TXID</RequestId>
  <BucketName>a*b</BucketName>
</Error>
> s3curl --id test1 -- -X GET -D - http://SWIFT_HOST/a*b... 404
HTTP/1.1 404 Not Found
Content-Type: text/xml
Date: DATE
Transfer-Encoding: chunked
x-amz-id-2: TXID
x-amz-request-id: TXID
X-Trans-Id: TXID

<?xml version="1.0" encoding="UTF-8"?>
<Error>
  <Code>NoSuchBucket</Code>
  <Message>The specified bucket does not exist.</Message>
  <RequestId>TXID</RequestId>
  <BucketName>a*b</BucketName>
</Error>
