QA output created by 065
> s3curl --id test1 --contentMd5 aaaa -- -X PUT http://SWIFT_HOST/bucket... 200
> s3curl --id test1 --contentMd5 aaaa -- -X PUT -T ./065_dir/lifecycle_Days.xml http://SWIFT_HOST/bucket?lifecycle... 400
<?xml version="1.0" encoding="UTF-8"?>
<Error>
  <Code>InvalidDigest</Code>
  <Message>The Content-MD5 you specified was an invalid.</Message>
  <RequestId>TXID</RequestId>
  <ContentMd5>aaaa</ContentMd5>
</Error>
> s3curl --id test1 --contentMd5 aaaa -- -X GET -D - http://SWIFT_HOST/bucket?lifecycle... 404
HTTP/1.1 404 Not Found
Content-Type: text/xml
Date: DATE
Transfer-Encoding: chunked
x-amz-id-2: TXID
x-amz-request-id: TXID
X-Trans-Id: TXID

<?xml version="1.0" encoding="UTF-8"?>
<Error>
  <Code>NoSuchLifecycleConfiguration</Code>
  <Message>The lifecycle configuration does not exist. .</Message>
  <RequestId>TXID</RequestId>
</Error>
