QA output created by 081
> s3curl --id test1 -- -X PUT http://SWIFT_HOST/bucket... 200
> s3curl --id test1 -- -X PUT http://SWIFT_HOST/bucket_log... 200
> s3curl --id test1 -- -X PUT -H x-amz-grant-read-acp: uri="http://acs.amazonaws.com/groups/s3/LogDelivery" -H x-amz-grant-write: uri="http://acs.amazonaws.com/groups/s3/LogDelivery" http://SWIFT_HOST/bucket_log?acl... 200
> s3curl --id test1 -- -X PUT -T ./081_dir/logging1.xml -D - http://SWIFT_HOST/bucket?logging... 400
HTTP/1.1 100 Continue

HTTP/1.1 400 Bad Request
Content-Type: text/xml
Date: DATE
Transfer-Encoding: chunked
x-amz-id-2: TXID
x-amz-request-id: TXID
X-Trans-Id: TXID

<?xml version="1.0" encoding="UTF-8"?>
<Error>
  <Code>MalformedXML</Code>
  <Message>This happens when the user sends a malformed xml (xml that doesn't conform to the published xsd) for the configuration. The error message is, "The XML you provided was not well-formed or did not validate against our published schema." .</Message>
  <RequestId>TXID</RequestId>
</Error>
> s3curl --id test1 -- -X GET -D - http://SWIFT_HOST/bucket?logging... 200
HTTP/1.1 200 OK
Content-Length: LENGTH
Content-Type: text/html; charset=UTF-8
Date: DATE
x-amz-id-2: TXID
x-amz-request-id: TXID
X-Trans-Id: TXID

<?xml version="1.0" encoding="UTF-8"?>
<BucketLoggingStatus xmlns="http://s3.amazonaws.com/doc/2006-03-01/"/>
