QA output created by 100
> s3curl --id test1 -- -X GET -D - http://SWIFT_HOST/bucket... 404
HTTP/1.1 404 Not Found
Content-Type: text/xml
Date: DATE
Transfer-Encoding: chunked
x-amz-id-2: TXID
x-amz-request-id: TXID
X-Trans-Id: TXID

<?xml version="1.0" encoding="UTF-8"?>
<Error>
  <Code>NoSuchBucket</Code>
  <Message>The specified bucket does not exist.</Message>
  <RequestId>TXID</RequestId>
  <BucketName>bucket</BucketName>
</Error>
> s3curl --id test1 --contentMd5 YTfN5Ik8WfdvAFqBI9jo5g== --contentType application/octet-stream -- -X PUT -T /TMP.data -H Content-Disposition: attachment; filename="a.txt.gz" -H Content-Encoding: gzip -H Content-Length: 5 -H x-amz-meta-hoge: hoge -H x-amz-acl: private -D - http://SWIFT_HOST/bucket/object... 404
HTTP/1.1 404 Not Found
Content-Type: text/xml
Date: DATE
Transfer-Encoding: chunked
x-amz-id-2: TXID
x-amz-request-id: TXID
X-Trans-Id: TXID

<?xml version="1.0" encoding="UTF-8"?>
<Error>
  <Code>NoSuchBucket</Code>
  <Message>The specified bucket does not exist.</Message>
  <RequestId>TXID</RequestId>
  <BucketName>bucket</BucketName>
</Error>
> s3curl --id test1 -- -X GET -D - http://SWIFT_HOST/bucket/object?acl... 404
HTTP/1.1 404 Not Found
Content-Type: text/xml
Date: DATE
Transfer-Encoding: chunked
x-amz-id-2: TXID
x-amz-request-id: TXID
X-Trans-Id: TXID

<?xml version="1.0" encoding="UTF-8"?>
<Error>
  <Code>NoSuchKey</Code>
  <Message>The specified key does not exist.</Message>
  <RequestId>TXID</RequestId>
  <Key>object</Key>
</Error>
