QA output created by 108
> s3curl --id test1 -- -X PUT -D - http://SWIFT_HOST/bucket... 200
HTTP/1.1 200 OK
Content-Length: LENGTH
Content-Type: text/html; charset=UTF-8
Date: DATE
Location: /bucket
x-amz-id-2: TXID
x-amz-request-id: TXID
X-Trans-Id: TXID

> s3curl --id test1 -- -X GET -D - http://SWIFT_HOST/bucket... 200
HTTP/1.1 200 OK
Content-Length: LENGTH
Content-Type: application/xml
Date: DATE
x-amz-id-2: TXID
x-amz-request-id: TXID
X-Trans-Id: TXID

<?xml version="1.0" encoding="UTF-8"?>
<ListBucketResult xmlns="http://s3.amazonaws.com/doc/2006-03-01/">
  <Name>bucket</Name>
  <Prefix/>
  <Marker/>
  <MaxKeys>1000</MaxKeys>
  <IsTruncated>false</IsTruncated>
</ListBucketResult>
> s3curl --id test1 -- -X GET http://SWIFT_HOST/bucket?versioning... 200
<?xml version="1.0" encoding="UTF-8"?>
<VersioningConfiguration xmlns="http://s3.amazonaws.com/doc/2006-03-01/"/>
> s3curl --id test1 -- -X GET http://SWIFT_HOST/bucket?lifecycle... 404
<?xml version="1.0" encoding="UTF-8"?>
<Error>
  <Code>NoSuchLifecycleConfiguration</Code>
  <Message>The lifecycle configuration does not exist. .</Message>
  <RequestId>TXID</RequestId>
</Error>
> s3curl --id test1 -- -I -X HEAD http://SWIFT_HOST/bucket/object... 404
HTTP/1.1 404 Not Found
Content-Length: LENGTH
Content-Type: text/xml
Date: DATE
x-amz-id-2: TXID
x-amz-request-id: TXID
X-Trans-Id: TXID

