QA output created by 138
> s3curl --id test1 -- -X PUT http://SWIFT_HOST/138... 200
> s3curl --id test1 -- -X POST -H x-amz-acl: public-read-write -H x-amz-meta-hoge1: 1 -H x-amz-meta-hoge2: 2 -H x-amz-meta-hoge3: 3 http://SWIFT_HOST/138/object?uploads... 200
> s3curl --id test1 -- -X PUT -T ./data/segment_50M.dat_00 http://SWIFT_HOST/138/object?uploadId=UPLOAD_ID&partNumber=1... 200
> s3curl --id test1 -- -X PUT -T ./data/segment_50M.dat_01 http://SWIFT_HOST/138/object?uploadId=UPLOAD_ID&partNumber=2... 200
> s3curl --id test1 -- -X PUT -T ./data/segment_50M.dat_02 http://SWIFT_HOST/138/object?uploadId=UPLOAD_ID&partNumber=3... 200
> s3curl --id test1 -- -X PUT -T ./data/segment_50M.dat_03 http://SWIFT_HOST/138/object?uploadId=UPLOAD_ID&partNumber=4... 200
> s3curl --id test1 -- -X PUT -T ./data/segment_50M.dat_04 http://SWIFT_HOST/138/object?uploadId=UPLOAD_ID&partNumber=5... 200
> s3curl --id test1 -- -X PUT -T ./data/segment_50M.dat_05 http://SWIFT_HOST/138/object?uploadId=UPLOAD_ID&partNumber=6... 200
> s3curl --id test1 -- -X PUT -T ./data/segment_50M.dat_06 http://SWIFT_HOST/138/object?uploadId=UPLOAD_ID&partNumber=7... 200
> s3curl --id test1 -- -X PUT -T ./data/segment_50M.dat_07 http://SWIFT_HOST/138/object?uploadId=UPLOAD_ID&partNumber=8... 200
> s3curl --id test1 -- -X PUT -T ./data/segment_50M.dat_08 http://SWIFT_HOST/138/object?uploadId=UPLOAD_ID&partNumber=9... 200
> s3curl --id test1 -- -X PUT -T ./data/segment_50M.dat_09 http://SWIFT_HOST/138/object?uploadId=UPLOAD_ID&partNumber=10... 200
> s3curl --id test1 -- -X POST -T 138.complete.xml -D - http://SWIFT_HOST/138/object?uploadId=UPLOAD_ID... 200
HTTP/1.1 100 Continue

HTTP/1.1 200 OK
Content-Length: LENGTH
Content-Type: application/xml
Date: DATE
ETag: ETAG
Last-Modified: DATE
x-amz-id-2: TXID
x-amz-request-id: TXID
X-Trans-Id: TXID

<?xml version="1.0" encoding="UTF-8"?>
<CompleteMultipartUploadResult xmlns="http://s3.amazonaws.com/doc/2006-03-01/">
  <Location>http://SWIFT_HOST/138/object</Location>
  <Bucket>138</Bucket>
  <Key>object</Key>
  <ETag>ETAG</ETag>
</CompleteMultipartUploadResult>
> s3curl --id test1 -- -X POST -H x-amz-acl: public-read -H x-amz-meta-hoge4: 4 -H x-amz-meta-hoge5: 5 -H x-amz-meta-hoge6: 6 http://SWIFT_HOST/138/object2?uploads... 200
> s3curl --id test1 -- -X PUT -H x-amz-copy-source: /138/object -H x-amz-copy-source-range: byte=0-5242879 http://SWIFT_HOST/138/object2?uploadId=UPLOAD_ID&partNumber=1... 200
<?xml version="1.0" encoding="UTF-8"?>
<CopyPartResult>
  <LastModified>DATE</LastModified>
  <ETag>ETAG</ETag>
</CopyPartResult>
> curl -X GET http://SWIFT_HOST/v1/TENANT/138+segments... 200
object2/UPLOAD_ID/1
