QA output created by 167
> s3curl --id test1 -- -X PUT http://SWIFT_HOST/bucket... 200
> s3curl --id test1 -- -X PUT -T /TMP.versioning.xml http://SWIFT_HOST/bucket?versioning... 200
> s3curl --id test1 -- -X GET -D - http://SWIFT_HOST/bucket?versioning... 200
HTTP/1.1 200 OK
Content-Length: LENGTH
Content-Type: text/html; charset=UTF-8
Date: DATE
x-amz-id-2: TXID
x-amz-request-id: TXID
X-Trans-Id: TXID

<?xml version="1.0" encoding="UTF-8"?>
<VersioningConfiguration xmlns="http://s3.amazonaws.com/doc/2006-03-01/">
  <Status>Enabled</Status>
</VersioningConfiguration>
> s3curl --id test1 --contentMd5 cwJqsMztjTzx5lRGTT6sKg== -- -X PUT -T /TMP.lifecycle_Date.xml -D - http://SWIFT_HOST/bucket?lifecycle... 409
HTTP/1.1 100 Continue

HTTP/1.1 409 Conflict
Content-Type: text/xml
Date: DATE
Transfer-Encoding: chunked
x-amz-id-2: TXID
x-amz-request-id: TXID
X-Trans-Id: TXID

<?xml version="1.0" encoding="UTF-8"?>
<Error>
  <Code>InvalidBucketState</Code>
  <Message>Lifecycle configuration is currently not supported on a versioned bucket.</Message>
  <RequestId>TXID</RequestId>
</Error>
> s3curl --id test1 -- -X GET -D - http://SWIFT_HOST/bucket?lifecycle... 404
HTTP/1.1 404 Not Found
Content-Type: text/xml
Date: DATE
Transfer-Encoding: chunked
x-amz-id-2: TXID
x-amz-request-id: TXID
X-Trans-Id: TXID

<?xml version="1.0" encoding="UTF-8"?>
<Error>
  <Code>NoSuchLifecycleConfiguration</Code>
  <Message>The lifecycle configuration does not exist. .</Message>
  <RequestId>TXID</RequestId>
</Error>
> s3curl --id test1 -- -X PUT -T /dev/null -D - http://SWIFT_HOST/bucket/aobj... 200
> s3curl --id test1 -- -X GET -D - http://SWIFT_HOST/bucket/aobj?versionId=VERSION_ID... 200
HTTP/1.1 200 OK
Content-Length: LENGTH
Content-Type: application/octet-stream
Date: DATE
ETag: ETAG
Last-Modified: DATE
x-amz-id-2: TXID
x-amz-request-id: TXID
x-amz-version-id: VERSION_ID
X-Trans-Id: TXID

